<?xml version="1.0" encoding="UTF-8"?>
<testsuite name="inflearn.hellospring.repository.MemoryMemberRepositoryTest" tests="3" skipped="0" failures="0" errors="0" timestamp="2023-10-07T11:06:31" hostname="LAPTOP-CISI8I61" time="0.107">
  <properties/>
  <testcase name="findAll()" classname="inflearn.hellospring.repository.MemoryMemberRepositoryTest" time="0.086"/>
  <testcase name="findByName()" classname="inflearn.hellospring.repository.MemoryMemberRepositoryTest" time="0.002"/>
  <testcase name="save()" classname="inflearn.hellospring.repository.MemoryMemberRepositoryTest" time="0.015"/>
  <system-out><![CDATA[result = true
]]></system-out>
  <system-err><![CDATA[]]></system-err>
</testsuite>
