<?xml version="1.0" encoding="UTF-8"?>
<testsuite name="inflearn.hellospring.service.MemberServiceTest" tests="4" skipped="0" failures="0" errors="0" timestamp="2023-10-09T13:13:33" hostname="LAPTOP-CISI8I61" time="0.068">
  <properties/>
  <testcase name="findOne()" classname="inflearn.hellospring.service.MemberServiceTest" time="0.013"/>
  <testcase name="join()" classname="inflearn.hellospring.service.MemberServiceTest" time="0.041"/>
  <testcase name="중복_회원_예외()" classname="inflearn.hellospring.service.MemberServiceTest" time="0.009"/>
  <testcase name="findMembers()" classname="inflearn.hellospring.service.MemberServiceTest" time="0.0"/>
  <system-out><![CDATA[]]></system-out>
  <system-err><![CDATA[]]></system-err>
</testsuite>
