<?xml version="1.0" encoding="UTF-8"?>
<testsuite name="com.example.ex.jwt.TokenProviderTest" tests="5" skipped="0" failures="0" errors="0" timestamp="2023-09-19T00:29:33" hostname="LAPTOP-CISI8I61" time="0.395">
  <properties/>
  <testcase name="validToken(): 유효한 토큰인 경우에 유효성 검증에 성공한다." classname="com.example.ex.jwt.TokenProviderTest" time="0.281"/>
  <testcase name="validToken(): 만료된 토큰인 경우에 유효성 검증에 실패한다." classname="com.example.ex.jwt.TokenProviderTest" time="0.01"/>
  <testcase name="getAuthentication(): 토큰 기반으로 인증정보를 가져올 수 있다." classname="com.example.ex.jwt.TokenProviderTest" time="0.008"/>
  <testcase name="getUserId(): 토큰으로 유저 ID를 가져올 수 있다." classname="com.example.ex.jwt.TokenProviderTest" time="0.009"/>
  <testcase name="generateToken(): 유저 정보와 만료 기간을 전달해 토큰을 만들 수 있다." classname="com.example.ex.jwt.TokenProviderTest" time="0.068"/>
  <system-out><![CDATA[09:29:29.593 [Test worker] DEBUG org.springframework.boot.test.context.SpringBootTestContextBootstrapper - Neither @ContextConfiguration nor @ContextHierarchy found for test class [TokenProviderTest]: using SpringBootContextLoader
09:29:29.599 [Test worker] DEBUG org.springframework.test.context.support.AbstractContextLoader - Could not detect default resource locations for test class [com.example.ex.jwt.TokenProviderTest]: no resource found for suffixes {-context.xml, Context.groovy}.
09:29:29.599 [Test worker] INFO org.springframework.test.context.support.AnnotationConfigContextLoaderUtils - Could not detect default configuration classes for test class [com.example.ex.jwt.TokenProviderTest]: TokenProviderTest does not declare any static, non-private, non-final, nested classes annotated with @Configuration.
09:29:29.627 [Test worker] DEBUG org.springframework.boot.test.context.SpringBootTestContextBootstrapper - Using ContextCustomizers for test class [TokenProviderTest]: [DisableObservabilityContextCustomizer, PropertyMappingContextCustomizer, Customizer, ExcludeFilterContextCustomizer, DuplicateJsonObjectContextCustomizer, MockitoContextCustomizer, TestRestTemplateContextCustomizer]
09:29:29.693 [Test worker] DEBUG org.springframework.context.annotation.ClassPathScanningCandidateComponentProvider - Identified candidate component class: file [C:\JavaSpring\ex\build\classes\java\main\com\example\ex\ExApplication.class]
09:29:29.695 [Test worker] INFO org.springframework.boot.test.context.SpringBootTestContextBootstrapper - Found @SpringBootConfiguration com.example.ex.ExApplication for test class com.example.ex.jwt.TokenProviderTest
09:29:29.826 [Test worker] DEBUG org.springframework.boot.test.context.SpringBootTestContextBootstrapper - Using TestExecutionListeners for test class [TokenProviderTest]: [ServletTestExecutionListener, DirtiesContextBeforeModesTestExecutionListener, ApplicationEventsTestExecutionListener, MockitoTestExecutionListener, DependencyInjectionTestExecutionListener, DirtiesContextTestExecutionListener, TransactionalTestExecutionListener, SqlScriptsTestExecutionListener, WithSecurityContextTestExecutionListener, EventPublishingTestExecutionListener, ReactorContextTestExecutionListener, RestDocsTestExecutionListener, MockRestServiceServerResetTestExecutionListener, MockMvcPrintOnlyOnFailureTestExecutionListener, WebDriverTestExecutionListener, MockWebServiceServerTestExecutionListener, ResetMocksTestExecutionListener]
09:29:29.827 [Test worker] DEBUG org.springframework.test.context.support.AbstractDirtiesContextTestExecutionListener - Before test class: class [TokenProviderTest], class annotated with @DirtiesContext [false] with mode [null]

  .   ____          _            __ _ _
 /\\ / ___'_ __ _ _(_)_ __  __ _ \ \ \ \
( ( )\___ | '_ | '_| | '_ \/ _` | \ \ \ \
 \\/  ___)| |_)| | | | | || (_| |  ) ) ) )
  '  |____| .__|_| |_|_| |_\__, | / / / /
 =========|_|==============|___/=/_/_/_/
 :: Spring Boot ::                (v3.0.2)

2023-09-19T09:29:30.108+09:00  INFO 9380 --- [    Test worker] com.example.ex.jwt.TokenProviderTest     : Starting TokenProviderTest using Java 17.0.7 with PID 9380 (started by user in C:\JavaSpring\ex)
2023-09-19T09:29:30.109+09:00  INFO 9380 --- [    Test worker] com.example.ex.jwt.TokenProviderTest     : No active profile set, falling back to 1 default profile: "default"
2023-09-19T09:29:30.723+09:00  INFO 9380 --- [    Test worker] .s.d.r.c.RepositoryConfigurationDelegate : Bootstrapping Spring Data JPA repositories in DEFAULT mode.
2023-09-19T09:29:30.777+09:00  INFO 9380 --- [    Test worker] .s.d.r.c.RepositoryConfigurationDelegate : Finished Spring Data repository scanning in 46 ms. Found 1 JPA repository interfaces.
2023-09-19T09:29:31.171+09:00  INFO 9380 --- [    Test worker] com.zaxxer.hikari.HikariDataSource       : HikariPool-1 - Starting...
2023-09-19T09:29:31.352+09:00  INFO 9380 --- [    Test worker] com.zaxxer.hikari.pool.HikariPool        : HikariPool-1 - Added connection conn0: url=jdbc:h2:mem:b0caf66d-e136-4ccc-9e3c-6503de226f7c user=SA
2023-09-19T09:29:31.353+09:00  INFO 9380 --- [    Test worker] com.zaxxer.hikari.HikariDataSource       : HikariPool-1 - Start completed.
2023-09-19T09:29:31.413+09:00  INFO 9380 --- [    Test worker] o.hibernate.jpa.internal.util.LogHelper  : HHH000204: Processing PersistenceUnitInfo [name: default]
2023-09-19T09:29:31.462+09:00  INFO 9380 --- [    Test worker] org.hibernate.Version                    : HHH000412: Hibernate ORM core version 6.1.6.Final
2023-09-19T09:29:31.629+09:00  WARN 9380 --- [    Test worker] org.hibernate.orm.deprecation            : HHH90000021: Encountered deprecated setting [javax.persistence.sharedCache.mode], use [jakarta.persistence.sharedCache.mode] instead
2023-09-19T09:29:31.767+09:00  INFO 9380 --- [    Test worker] SQL dialect                              : HHH000400: Using dialect: org.hibernate.dialect.H2Dialect
2023-09-19T09:29:32.350+09:00  INFO 9380 --- [    Test worker] o.h.e.t.j.p.i.JtaPlatformInitiator       : HHH000490: Using JtaPlatform implementation: [org.hibernate.engine.transaction.jta.platform.internal.NoJtaPlatform]
2023-09-19T09:29:32.357+09:00  INFO 9380 --- [    Test worker] j.LocalContainerEntityManagerFactoryBean : Initialized JPA EntityManagerFactory for persistence unit 'default'
2023-09-19T09:29:32.530+09:00  WARN 9380 --- [    Test worker] JpaBaseConfiguration$JpaWebConfiguration : spring.jpa.open-in-view is enabled by default. Therefore, database queries may be performed during view rendering. Explicitly configure spring.jpa.open-in-view to disable this warning
2023-09-19T09:29:32.808+09:00  WARN 9380 --- [    Test worker] ion$DefaultTemplateResolverConfiguration : Cannot find template location: classpath:/templates/ (please add some templates, check your Thymeleaf configuration, or set spring.thymeleaf.check-template-location=false)
2023-09-19T09:29:33.186+09:00  WARN 9380 --- [    Test worker] .s.s.UserDetailsServiceAutoConfiguration : 

Using generated security password: c982f39b-b490-4e94-9ad0-1ebe1f6ece17

This generated password is for development use only. Your security configuration must be updated before running your application in production.

2023-09-19T09:29:33.311+09:00  INFO 9380 --- [    Test worker] o.s.s.web.DefaultSecurityFilterChain     : Will secure any request with [org.springframework.security.web.session.DisableEncodeUrlFilter@4fae4c3b, org.springframework.security.web.context.request.async.WebAsyncManagerIntegrationFilter@2222cd2c, org.springframework.security.web.context.SecurityContextHolderFilter@4f2a9903, org.springframework.security.web.header.HeaderWriterFilter@2eb91767, org.springframework.security.web.csrf.CsrfFilter@267a8777, org.springframework.security.web.authentication.logout.LogoutFilter@7bbd944e, org.springframework.security.web.authentication.UsernamePasswordAuthenticationFilter@28d1b2f, org.springframework.security.web.authentication.ui.DefaultLoginPageGeneratingFilter@5978ba12, org.springframework.security.web.authentication.ui.DefaultLogoutPageGeneratingFilter@4cddc3d9, org.springframework.security.web.authentication.www.BasicAuthenticationFilter@20e9b10b, org.springframework.security.web.savedrequest.RequestCacheAwareFilter@e280006, org.springframework.security.web.servletapi.SecurityContextHolderAwareRequestFilter@5d03df76, org.springframework.security.web.authentication.AnonymousAuthenticationFilter@3d2b8e, org.springframework.security.web.access.ExceptionTranslationFilter@395abe85, org.springframework.security.web.access.intercept.AuthorizationFilter@4ee1c29a]
2023-09-19T09:29:33.388+09:00  INFO 9380 --- [    Test worker] com.example.ex.jwt.TokenProviderTest     : Started TokenProviderTest in 3.513 seconds (process running for 4.639)
]]></system-out>
  <system-err><![CDATA[]]></system-err>
</testsuite>
